<?xml version="1.0" encoding="UTF-8"?>
<testng-results ignored="0" total="1" passed="1" failed="0" skipped="0">
  <reporter-output>
  </reporter-output>
  <suite started-at="2022-05-31T09:43:59 IST" name="Default suite" finished-at="2022-05-31T09:44:23 IST" duration-ms="23814">
    <groups>
    </groups>
    <test started-at="2022-05-31T09:43:59 IST" name="Default test" finished-at="2022-05-31T09:44:23 IST" duration-ms="23814">
      <class name="day3.LoginValidation">
        <test-method is-config="true" signature="lauchBrowser()[pri:0, instance:day3.LoginValidation@485966cc]" started-at="2022-05-31T09:43:59 IST" name="lauchBrowser" finished-at="2022-05-31T09:44:18 IST" duration-ms="18994" status="PASS">
          <reporter-output>
          </reporter-output>
        </test-method> <!-- lauchBrowser -->
        <test-method signature="loginApplication()[pri:0, instance:day3.LoginValidation@485966cc]" started-at="2022-05-31T09:44:18 IST" name="loginApplication" finished-at="2022-05-31T09:44:23 IST" duration-ms="4450" status="PASS">
          <reporter-output>
          </reporter-output>
        </test-method> <!-- loginApplication -->
        <test-method is-config="true" signature="closeBrowser()[pri:0, instance:day3.LoginValidation@485966cc]" started-at="2022-05-31T09:44:23 IST" name="closeBrowser" finished-at="2022-05-31T09:44:23 IST" duration-ms="313" status="PASS">
          <reporter-output>
          </reporter-output>
        </test-method> <!-- closeBrowser -->
      </class> <!-- day3.LoginValidation -->
    </test> <!-- Default test -->
  </suite> <!-- Default suite -->
</testng-results>
